<?xml version="1.0" encoding="UTF-8"?>
<!-- Generated by org.testng.reporters.JUnitXMLReporter -->
<testsuite ignored="2" hostname="Geetha" failures="0" tests="2" name="Regression Test" time="6.374" errors="0" timestamp="2024-05-05T12:42:23 MDT">
  <testcase classname="test.BasicValidation" name="titleValidation" time="0.013"/>
  <testcase classname="test.BasicValidation" name="urlValidation" time="0.008"/>
  <testcase classname="test.TestNGBaseTest" name="@AfterTest afterTest" time="0.0">
    <ignored/>
  </testcase> <!-- @AfterTest afterTest -->
  <testcase classname="test.TestNGBaseTest" name="@BeforeTest beforeTest" time="0.0">
    <ignored/>
  </testcase> <!-- @BeforeTest beforeTest -->
</testsuite> <!-- Regression Test -->
